21303393
75363617
136797809
151535004
185310814
194642258
225794067
241464918
250885260
252328030
264403506
275552121
295767314
296167901
308332596
331909803
361757953
378636552
415271560
423429618
479074972
509357028
549449304
561877370
569184356
604298543
659966766
667695756
676747479
696824676
722594429
790025659
823414659
824532376
844152077
861767313
888533219
897315311
934627940
946806728
949279072
962584079
991830219
1007534698
1028209748
1028706328
1033358788
1048107540
1051271004
1056793272
1069557309
1070518888
1093594115
1101979660
1116708477
1132014861
1142109618
1283246936
1284570562
1371462946
1395351953
1399719297
1414436097
1429256273
1448820876
1468504690
1502024080
1511467721
1516144243
1521729757
1527672935
1538161999
1543740405
1559437055
1567639363
1569613451
1570232852
1638279940
1643171871
1657102335
1658661397
1661738718
1662568035
1664993794
1757361013
1845021698
1856388127
1878467924
1898564163
1908676996
1914356891
1947467789
1950065095
2020192709
2032348584
2063269907
2075690423
2085143622
2125692416
2139959677
